\BOOKMARK [1][-]{section.1}{Introduction:}{}% 1
\BOOKMARK [2][-]{subsection.1.1}{The Current State of the Internet}{section.1}% 2
\BOOKMARK [2][-]{subsection.1.2}{The Semantic Web}{section.1}% 3
\BOOKMARK [2][-]{subsection.1.3}{The Problem With the Semantic Web}{section.1}% 4
\BOOKMARK [2][-]{subsection.1.4}{Overview of Solution}{section.1}% 5
\BOOKMARK [1][-]{section.2}{Methods}{}% 6
\BOOKMARK [2][-]{subsection.2.1}{Web crawler}{section.2}% 7
\BOOKMARK [2][-]{subsection.2.2}{Lexical-to-semantic converter}{section.2}% 8
\BOOKMARK [3][-]{subsubsection.2.2.1}{Pre-processing}{subsection.2.2}% 9
\BOOKMARK [3][-]{subsubsection.2.2.2}{Extraction}{subsection.2.2}% 10
\BOOKMARK [3][-]{subsubsection.2.2.3}{Conversion}{subsection.2.2}% 11
\BOOKMARK [2][-]{subsection.2.3}{Triplestore}{section.2}% 12
\BOOKMARK [2][-]{subsection.2.4}{Internal Search Engine}{section.2}% 13
\BOOKMARK [3][-]{subsubsection.2.4.1}{SPARQL Search}{subsection.2.4}% 14
\BOOKMARK [3][-]{subsubsection.2.4.2}{Query Builder}{subsection.2.4}% 15
\BOOKMARK [1][-]{section.3}{Results}{}% 16
\BOOKMARK [2][-]{subsection.3.1}{General Computational Performance}{section.3}% 17
\BOOKMARK [2][-]{subsection.3.2}{Individual Performance Breakdown Per Section}{section.3}% 18
\BOOKMARK [3][-]{subsubsection.3.2.1}{Web Crawler}{subsection.3.2}% 19
\BOOKMARK [3][-]{subsubsection.3.2.2}{Lexical to Semantic Translation}{subsection.3.2}% 20
\BOOKMARK [3][-]{subsubsection.3.2.3}{Internal Search}{subsection.3.2}% 21
\BOOKMARK [1][-]{section.4}{Discussion}{}% 22
\BOOKMARK [2][-]{subsection.4.1}{Discussion of the Computational Performance}{section.4}% 23
\BOOKMARK [2][-]{subsection.4.2}{Possible Expansions}{section.4}% 24
\BOOKMARK [3][-]{subsubsection.4.2.1}{General Expansion}{subsection.4.2}% 25
\BOOKMARK [3][-]{subsubsection.4.2.2}{Web Crawler}{subsection.4.2}% 26
\BOOKMARK [3][-]{subsubsection.4.2.3}{Lexical-to-Semantic Translator}{subsection.4.2}% 27
\BOOKMARK [3][-]{subsubsection.4.2.4}{Internal Search Engine}{subsection.4.2}% 28
\BOOKMARK [1][-]{section.5}{Conclusion}{}% 29
